[33m[nodemon] 1.19.2[39m
[33m[nodemon] to restart at any time, enter `rs`[39m
[33m[nodemon] watching dir(s): *.*[39m
[32m[nodemon] starting `node server.js`[39m
Server running Ok http://localhost:3000
Kyaw Thiha
[32m[nodemon] restarting due to changes...[39m
[32m[nodemon] starting `node server.js`[39m
Server running Ok http://localhost:3000
Kyaw Thiha
[32m[nodemon] restarting due to changes...[39m
[32m[nodemon] starting `node server.js`[39m
Server running Ok http://localhost:3000
[32m[nodemon] restarting due to changes...[39m
[32m[nodemon] starting `node server.js`[39m
Server running Ok http://localhost:3000
[32m[nodemon] restarting due to changes...[39m
[32m[nodemon] starting `node server.js`[39m
Server running Ok http://localhost:3000
[32m[nodemon] restarting due to changes...[39m
[32m[nodemon] starting `node server.js`[39m
Server running Ok http://localhost:3000
[32m[nodemon] restarting due to changes...[39m
[32m[nodemon] starting `node server.js`[39m
Server running Ok http://localhost:3000
[32m[nodemon] restarting due to changes...[39m
[32m[nodemon] starting `node server.js`[39m
Server running Ok http://localhost:3000
